<?xml version="1.0" encoding="UTF-8"?>
<testng-results skipped="0" failed="0" ignored="0" total="1" passed="1">
  <reporter-output>
  </reporter-output>
  <suite name="Default suite" duration-ms="21101" started-at="2019-09-16T15:52:11Z" finished-at="2019-09-16T15:52:32Z">
    <groups>
    </groups>
    <test name="Default test" duration-ms="21101" started-at="2019-09-16T15:52:11Z" finished-at="2019-09-16T15:52:32Z">
      <class name="testng.NewTest1">
        <test-method status="PASS" signature="launch()[pri:0, instance:testng.NewTest1@3532ec19]" name="launch" is-config="true" duration-ms="18782" started-at="2019-09-16T15:52:11Z" finished-at="2019-09-16T15:52:30Z">
          <reporter-output>
          </reporter-output>
        </test-method> <!-- launch -->
        <test-method status="PASS" signature="verifytest()[pri:0, instance:testng.NewTest1@3532ec19]" name="verifytest" duration-ms="1901" started-at="2019-09-16T15:52:30Z" finished-at="2019-09-16T15:52:32Z">
          <reporter-output>
          </reporter-output>
        </test-method> <!-- verifytest -->
        <test-method status="PASS" signature="close()[pri:0, instance:testng.NewTest1@3532ec19]" name="close" is-config="true" duration-ms="248" started-at="2019-09-16T15:52:32Z" finished-at="2019-09-16T15:52:32Z">
          <reporter-output>
          </reporter-output>
        </test-method> <!-- close -->
      </class> <!-- testng.NewTest1 -->
    </test> <!-- Default test -->
  </suite> <!-- Default suite -->
</testng-results>
